<?xml version="1.0" encoding="UTF-8"?>
<testng-results ignored="0" total="1" passed="1" failed="0" skipped="0">
  <reporter-output>
    <line>
      <![CDATA[Set-Up ,Selenium is now starting]]>
    </line>
    <line>
      <![CDATA[Browser is open and run the application]]>
    </line>
    <line>
      <![CDATA[Test is executing]]>
    </line>
    <line>
      <![CDATA[TestReportgenerated >>Report Generated]]>
    </line>
    <line>
      <![CDATA[Browser is closing now]]>
    </line>
  </reporter-output>
  <suite started-at="2021-09-12T19:52:52Z" name="Default suite" finished-at="2021-09-12T19:53:04Z" duration-ms="12441">
    <groups>
    </groups>
    <test started-at="2021-09-12T19:52:52Z" name="Default test" finished-at="2021-09-12T19:53:04Z" duration-ms="12441">
      <class name="com.automation.testcases.GoogleSearchTestPage">
        <test-method is-config="true" signature="SuiteSetup()[pri:0, instance:com.automation.testcases.GoogleSearchTestPage@1d483de4]" started-at="2021-09-12T19:52:51Z" name="SuiteSetup" finished-at="2021-09-12T19:52:52Z" duration-ms="404" status="PASS">
          <reporter-output>
            <line>
              <![CDATA[Set-Up ,Selenium is now starting]]>
            </line>
          </reporter-output>
        </test-method> <!-- SuiteSetup -->
        <test-method is-config="true" signature="openBrowser()[pri:0, instance:com.automation.testcases.GoogleSearchTestPage@1d483de4]" started-at="2021-09-12T19:52:52Z" name="openBrowser" finished-at="2021-09-12T19:52:55Z" duration-ms="2904" status="PASS">
          <reporter-output>
            <line>
              <![CDATA[Browser is open and run the application]]>
            </line>
          </reporter-output>
        </test-method> <!-- openBrowser -->
        <test-method signature="searchTextBox()[pri:0, instance:com.automation.testcases.GoogleSearchTestPage@1d483de4]" started-at="2021-09-12T19:52:55Z" name="searchTextBox" finished-at="2021-09-12T19:53:03Z" duration-ms="8383" status="PASS">
          <reporter-output>
            <line>
              <![CDATA[Test is executing]]>
            </line>
          </reporter-output>
        </test-method> <!-- searchTextBox -->
        <test-method is-config="true" signature="tearDownMethod(org.testng.ITestResult)[pri:0, instance:com.automation.testcases.GoogleSearchTestPage@1d483de4]" started-at="2021-09-12T19:53:03Z" name="tearDownMethod" finished-at="2021-09-12T19:53:04Z" duration-ms="413" status="PASS">
          <params>
            <param index="0">
              <value>
                <![CDATA[[TestResult name=searchTextBox status=SUCCESS method=GoogleSearchTestPage.searchTextBox()[pri:0, instance:com.automation.testcases.GoogleSearchTestPage@1d483de4] output=Test is executing]]]>
              </value>
            </param>
          </params>
          <reporter-output>
            <line>
              <![CDATA[TestReportgenerated >>Report Generated]]>
            </line>
          </reporter-output>
        </test-method> <!-- tearDownMethod -->
        <test-method is-config="true" signature="tearDown()[pri:0, instance:com.automation.testcases.GoogleSearchTestPage@1d483de4]" started-at="2021-09-12T19:53:04Z" name="tearDown" finished-at="2021-09-12T19:53:04Z" duration-ms="729" status="PASS">
          <reporter-output>
            <line>
              <![CDATA[Browser is closing now]]>
            </line>
          </reporter-output>
        </test-method> <!-- tearDown -->
      </class> <!-- com.automation.testcases.GoogleSearchTestPage -->
    </test> <!-- Default test -->
  </suite> <!-- Default suite -->
</testng-results>
