<?xml version="1.0" encoding="UTF-8"?>
<!-- Generated by org.testng.reporters.JUnitXMLReporter -->
<testsuite ignored="0" hostname="B03VY33" failures="1" tests="1" name="Test" time="6.25" errors="0" timestamp="08 Sep 2021 17:21:00 GMT">
  <testcase classname="com.automation.testcases.GoogleSearchTestPage" name="searchTextBox" time="0.02">
    <failure type="java.lang.NullPointerException" message="Cannot invoke &amp;quot;org.apache.poi.xssf.usermodel.XSSFWorkbook.getSheet(String)&amp;quot; because &amp;quot;this.wb&amp;quot; is null">
      <![CDATA[java.lang.NullPointerException: Cannot invoke "org.apache.poi.xssf.usermodel.XSSFWorkbook.getSheet(String)" because "this.wb" is null
at com.automation.utilties.ExcelDataProvider.getStringData(ExcelDataProvider.java:31)
at com.automation.testcases.GoogleSearchTestPage.searchTextBox(GoogleSearchTestPage.java:23)
... Removed 25 stack frames]]>
    </failure>
  </testcase> <!-- searchTextBox -->
</testsuite> <!-- Test -->
